<?xml version="1.0" encoding="UTF-8"?>
<!-- Generated by org.testng.reporters.JUnitReportReporter -->
<testsuite hostname="INMU1L9334" name="TestNG.addbook" tests="1" failures="0" timestamp="22 Jun 2020 07:12:11 GMT" time="122.894" errors="0">
  <testcase name="verifyaddbook" time="122.894" classname="TestNG.addbook"/>
</testsuite> <!-- TestNG.addbook -->
