<?xml version="1.0" encoding="UTF-8"?>
<!-- Generated by org.testng.reporters.JUnitReportReporter -->
<testsuite hostname="INMU1L9334" name="TestNG.createPart" tests="1" failures="0" timestamp="22 Jun 2020 13:08:35 GMT" time="131.898" errors="0">
  <testcase name="verifyCreatePart" time="131.898" classname="TestNG.createPart"/>
</testsuite> <!-- TestNG.createPart -->
