<?xml version="1.0" encoding="UTF-8"?>
<!-- Generated by org.testng.reporters.JUnitReportReporter -->
<testsuite skipped="0" hostname="INMU1L9334" name="TestNG.createPart" tests="1" failures="0" timestamp="23 Jun 2020 14:45:30 GMT" time="111.565" errors="0">
  <testcase name="verifyCreatePart" time="111.565" classname="TestNG.createPart"/>
</testsuite> <!-- TestNG.createPart -->
