<?xml version="1.0" encoding="UTF-8"?>
<!-- Generated by org.testng.reporters.JUnitReportReporter -->
<testsuite skipped="0" hostname="INMU1L9334" name="TestNG.createPart" tests="1" failures="0" timestamp="29 Jun 2020 16:09:52 GMT" time="122.654" errors="0">
  <testcase name="verifyCreatePart" time="122.654" classname="TestNG.createPart"/>
</testsuite> <!-- TestNG.createPart -->
